<?xml version="1.0" encoding="utf-8" standalone="no"?>
<test-results xmlns:xsi="http://www.w3.org/2001/XMLSchema-instance" xsi:noNamespaceSchemaLocation="nunit_schema_2.5.xsd" name="Pester" total="4" errors="0" failures="2" not-run="0" inconclusive="0" ignored="0" skipped="0" invalid="0" date="2024-09-11" time="23:20:15">
  <environment clr-version="4.0.30319.42000" user-domain="EDDIE" cwd="D:\Dropbox\Projects\HdT\PesterExample" platform="Microsoft Windows 10 Pro|C:\WINDOWS|\Device\Harddisk2\Partition3" machine-name="EDDIE" nunit-version="2.5.8.0" os-version="10.0.19045" user="hendr" />
  <culture-info current-culture="en-ZA" current-uiculture="en-US" />
  <test-suite type="TestFixture" name="Pester" executed="True" result="Failure" success="False" time="5.4462" asserts="0" description="Pester">
    <results>
      <test-suite type="TestFixture" name="D:\Dropbox\Projects\HdT\PesterExample\tests\GetEmoji.Tests.ps1" executed="True" result="Success" success="True" time="5.1171" asserts="0" description="D:\Dropbox\Projects\HdT\PesterExample\tests\GetEmoji.Tests.ps1">
        <results>
          <test-suite type="TestFixture" name="GetEmoji" executed="True" result="Success" success="True" time="2.1075" asserts="0" description="GetEmoji">
            <results>
              <test-suite type="TestFixture" name="GetEmoji.Lookup by whole name" executed="True" result="Success" success="True" time="1.9361" asserts="0" description="GetEmoji.Lookup by whole name">
                <results>
                  <test-case description="Returns (cactus)" name="GetEmoji.Lookup by whole name.Returns (cactus)" time="1.3542" asserts="0" success="True" result="Success" executed="True" />
                  <test-case description="Returns  (pencil)" name="GetEmoji.Lookup by whole name.Returns  (pencil)" time="0.0193" asserts="0" success="True" result="Success" executed="True" />
                </results>
              </test-suite>
            </results>
          </test-suite>
        </results>
      </test-suite>
      <test-suite type="TestFixture" name="D:\Dropbox\Projects\HdT\PesterExample\tests\GetPlanet.Tests.ps1" executed="True" result="Failure" success="False" time="0.271" asserts="0" description="D:\Dropbox\Projects\HdT\PesterExample\tests\GetPlanet.Tests.ps1">
        <results>
          <test-suite type="TestFixture" name="Get-Planet" executed="True" result="Failure" success="False" time="0" asserts="0" description="Get-Planet">
            <results>
              <test-case description="Given no parameters, it lists all 8 planets" name="Get-Planet.Given no parameters, it lists all 8 planets" time="0" asserts="0" success="False" result="Failure" executed="True">
                <failure>
                  <message>This test should run but it did not. Most likely a setup in some parent block failed.</message>
                  <stack-trace />
                </failure>
              </test-case>
            </results>
          </test-suite>
        </results>
      </test-suite>
      <test-suite type="TestFixture" name="D:\Dropbox\Projects\HdT\PesterExample\tests\MyScript.Tests.ps1" executed="True" result="Failure" success="False" time="0.0581" asserts="0" description="D:\Dropbox\Projects\HdT\PesterExample\tests\MyScript.Tests.ps1">
        <results>
          <test-suite type="TestFixture" name="Get-Planet" executed="True" result="Failure" success="False" time="0" asserts="0" description="Get-Planet">
            <results>
              <test-case description="Given no parameters, it lists all 8 planets" name="Get-Planet.Given no parameters, it lists all 8 planets" time="0" asserts="0" success="False" result="Failure" executed="True">
                <failure>
                  <message>This test should run but it did not. Most likely a setup in some parent block failed.</message>
                  <stack-trace />
                </failure>
              </test-case>
            </results>
          </test-suite>
        </results>
      </test-suite>
    </results>
  </test-suite>
</test-results>