<?xml version="1.0" encoding="utf-8" standalone="no"?>
<test-results xmlns:xsi="http://www.w3.org/2001/XMLSchema-instance" xsi:noNamespaceSchemaLocation="nunit_schema_2.5.xsd" name="Pester" total="4" errors="0" failures="0" not-run="0" inconclusive="0" ignored="0" skipped="0" invalid="0" date="2024-09-13" time="15:43:55">
  <environment clr-version="4.0.30319.42000" user-domain="EDDIE" cwd="D:\Dropbox\Projects\HdT\PesterExample" platform="Microsoft Windows 10 Pro|C:\WINDOWS|\Device\Harddisk2\Partition3" machine-name="EDDIE" nunit-version="2.5.8.0" os-version="10.0.19045" user="hendr" />
  <culture-info current-culture="en-ZA" current-uiculture="en-US" />
  <test-suite type="TestFixture" name="Pester" executed="True" result="Success" success="True" time="0.3647" asserts="0" description="Pester">
    <results>
      <test-suite type="TestFixture" name="D:\Dropbox\Projects\HdT\PesterExample\tests\MyScript.Tests.ps1" executed="True" result="Success" success="True" time="0.3647" asserts="0" description="D:\Dropbox\Projects\HdT\PesterExample\tests\MyScript.Tests.ps1">
        <results>
          <test-suite type="TestFixture" name="MyScript.ps1 Tests" executed="True" result="Success" success="True" time="0.1982" asserts="0" description="MyScript.ps1 Tests">
            <results>
              <test-suite type="TestFixture" name="MyScript.ps1 Tests.Top level script execution" executed="True" result="Success" success="True" time="0.1908" asserts="0" description="MyScript.ps1 Tests.Top level script execution">
                <results>
                  <test-suite type="TestFixture" name="MyScript.ps1 Tests.Top level script execution.When Help parameter is passed" executed="True" result="Success" success="True" time="0.0651" asserts="0" description="MyScript.ps1 Tests.Top level script execution.When Help parameter is passed">
                    <results>
                      <test-case description="Should call Show-Help function" name="MyScript.ps1 Tests.Top level script execution.When Help parameter is passed.Should call Show-Help function" time="0.0578" asserts="0" success="True" result="Success" executed="True" />
                    </results>
                  </test-suite>
                  <test-suite type="TestFixture" name="MyScript.ps1 Tests.Top level script execution.When Var01 is passed and Help is not passed" executed="True" result="Success" success="True" time="0.1022" asserts="0" description="MyScript.ps1 Tests.Top level script execution.When Var01 is passed and Help is not passed">
                    <results>
                      <test-case description="Should call Invoke-MyScript function with Var01" name="MyScript.ps1 Tests.Top level script execution.When Var01 is passed and Help is not passed.Should call Invoke-MyScript function with Var01" time="0.032" asserts="0" success="True" result="Success" executed="True" />
                    </results>
                  </test-suite>
                  <test-suite type="TestFixture" name="MyScript.ps1 Tests.Top level script execution.When Var01 is an empty string and Help is not passed" executed="True" result="Success" success="True" time="0.1339" asserts="0" description="MyScript.ps1 Tests.Top level script execution.When Var01 is an empty string and Help is not passed">
                    <results>
                      <test-case description="Should call Show-Help function" name="MyScript.ps1 Tests.Top level script execution.When Var01 is an empty string and Help is not passed.Should call Show-Help function" time="0.0256" asserts="0" success="True" result="Success" executed="True" />
                    </results>
                  </test-suite>
                  <test-suite type="TestFixture" name="MyScript.ps1 Tests.Top level script execution.When no parameters are passed" executed="True" result="Success" success="True" time="0.1815" asserts="0" description="MyScript.ps1 Tests.Top level script execution.When no parameters are passed">
                    <results>
                      <test-case description="Should call Show-Help function" name="MyScript.ps1 Tests.Top level script execution.When no parameters are passed.Should call Show-Help function" time="0.0406" asserts="0" success="True" result="Success" executed="True" />
                    </results>
                  </test-suite>
                </results>
              </test-suite>
            </results>
          </test-suite>
        </results>
      </test-suite>
    </results>
  </test-suite>
</test-results>